  Checking Build System
  CMake is re-running because generate.stamp.list is missing.
  -- Selecting Windows SDK version 10.0.18362.0 to target Windows 10.0.18363.
  -- PROJECT_NAME:PartyGame
  -- PROJECT_SOURCE_DIR:C:/Diploma/KVA/PartyGame
  -- COCOS2DX_ROOT_PATH:C:/Diploma/KVA/PartyGame/cocos2d
  -- CMAKE_MODULE_PATH:C:/Diploma/KVA/PartyGame/cocos2d/cmake/Modules/
  -- PROJECT_BINARY_DIR:C:/Diploma/KVA/PartyGame/win32-build
  -- ENGINE_BINARY_PATH:C:/Diploma/KVA/PartyGame/win32-build/engine
  -- PYTHON_PATH:C:/Python27/python.exe
  -- COCOS_COMMAND_PATH:C:/Diploma/cocos2d-x/tools/cocos2d-console/bin/cocos
  -- HOST_SYSTEM:Windows
  -- CMAKE_GENERATOR: Visual Studio 16 2019
  -- using Windows MSVC generate cocos2d-x project, MSVC_VERSION:1916
  -- COCOS2DX_LUAJIT_ROOT:C:/Diploma/cocos2d-x/tools/cocos2d-console/bin/../plugins/plugin_luacompile/bin
  -- LUAJIT32_COMMAND:C:/Diploma/cocos2d-x/tools/cocos2d-console/plugins/plugin_luacompile/bin/32bit/luajit-win32.exe
  -- LUAJIT64_COMMAND:C:/Diploma/cocos2d-x/tools/cocos2d-console/plugins/plugin_luacompile/bin/64bit/luajit-win32.exe
  -- cocos_mark_code_files: cocos2d
  -- cocos_mark_code_files: PartyGame
  -- Configuring done
  -- Generating done
  -- Build files have been written to: C:/Diploma/KVA/PartyGame/win32-build
