c:\diploma\kva\partygame\win32-build\partygame.dir\debug\appdelegate.obj
c:\diploma\kva\partygame\win32-build\partygame.dir\debug\helloworldscene.obj
c:\diploma\kva\partygame\win32-build\partygame.dir\debug\precheader.obj
c:\diploma\kva\partygame\win32-build\partygame.dir\debug\main.obj
c:\diploma\kva\partygame\win32-build\partygame.dir\debug\startmenu.obj
c:\diploma\kva\partygame\win32-build\partygame.dir\debug\maingui.obj
c:\diploma\kva\partygame\win32-build\partygame.dir\debug\gamescene.obj
c:\diploma\kva\partygame\win32-build\partygame.dir\debug\globals.obj
c:\diploma\kva\partygame\win32-build\partygame.dir\debug\snakepart.obj
c:\diploma\kva\partygame\win32-build\partygame.dir\debug\food.obj
c:\diploma\kva\partygame\win32-build\partygame.dir\debug\snake.obj
c:\diploma\kva\partygame\win32-build\partygame.dir\debug\qr_encode.obj
c:\diploma\kva\partygame\win32-build\partygame.dir\debug\qrnode.obj
c:\diploma\kva\partygame\win32-build\cmakefiles\generate.stamp
c:\diploma\kva\partygame\win32-build\bin\partygame\debug\partygame.exe
c:\diploma\kva\partygame\win32-build\bin\partygame\debug\partygame.ilk
c:\diploma\kva\partygame\win32-build\bin\partygame\debug\partygame.pdb
c:\diploma\kva\partygame\win32-build\debug\partygame.lib
c:\diploma\kva\partygame\win32-build\debug\partygame.exp
c:\diploma\kva\partygame\win32-build\partygame.dir\debug\game.res
c:\diploma\kva\partygame\win32-build\partygame.dir\debug\vc141.pdb
c:\diploma\kva\partygame\win32-build\partygame.dir\debug\vc142.pdb
c:\diploma\kva\partygame\win32-build\partygame.dir\debug\partygame.tlog\cl.command.1.tlog
c:\diploma\kva\partygame\win32-build\partygame.dir\debug\partygame.tlog\cl.read.1.tlog
c:\diploma\kva\partygame\win32-build\partygame.dir\debug\partygame.tlog\cl.write.1.tlog
c:\diploma\kva\partygame\win32-build\partygame.dir\debug\partygame.tlog\custombuild.command.1.tlog
c:\diploma\kva\partygame\win32-build\partygame.dir\debug\partygame.tlog\custombuild.read.1.tlog
c:\diploma\kva\partygame\win32-build\partygame.dir\debug\partygame.tlog\custombuild.write.1.tlog
c:\diploma\kva\partygame\win32-build\partygame.dir\debug\partygame.tlog\link.command.1.tlog
c:\diploma\kva\partygame\win32-build\partygame.dir\debug\partygame.tlog\link.delete.1.tlog
c:\diploma\kva\partygame\win32-build\partygame.dir\debug\partygame.tlog\link.read.1.tlog
c:\diploma\kva\partygame\win32-build\partygame.dir\debug\partygame.tlog\link.write.1.tlog
c:\diploma\kva\partygame\win32-build\partygame.dir\debug\partygame.tlog\partygame.write.1u.tlog
c:\diploma\kva\partygame\win32-build\partygame.dir\debug\partygame.tlog\rc.command.1.tlog
c:\diploma\kva\partygame\win32-build\partygame.dir\debug\partygame.tlog\rc.read.1.tlog
c:\diploma\kva\partygame\win32-build\partygame.dir\debug\partygame.tlog\rc.write.1.tlog
